<?xml version="1.0" encoding="UTF-8"?>
<!-- Generated by org.testng.reporters.JUnitXMLReporter -->
<testsuite hostname="DESKTOP-UNE8MP0" ignored="8" name="Gurukula application test cases" tests="13" failures="0" timestamp="31 Aug 2019 12:11:26 GMT" time="632.715" errors="0">
  <testcase name="verifyUserLoginWithValidCreds" time="2.711" classname="com.testscripts.gurukulApp.LoginTest">
    <skipped/>
  </testcase> <!-- verifyUserLoginWithValidCreds -->
  <testcase name="verifyUserLoginWithValidCreds" time="3.286" classname="com.testscripts.gurukulApp.LoginTest"/>
  <testcase name="verifyAccountMenuSettingsValidations" time="5.521" classname="com.testscripts.gurukulApp.AccountTest"/>
  <testcase name="verifyRegisterAccountEnrollFailure" time="2.775" classname="com.testscripts.gurukulApp.RegisterAccountTest"/>
  <testcase name="verifyPagination" time="266.108" classname="com.testscripts.gurukulApp.PaginationTest"/>
  <testcase name="verifyUserLoginWithInValidCreds" time="2.593" classname="com.testscripts.gurukulApp.LoginTest"/>
  <testcase name="verifyAccountMenuSettingsNotSavedError" time="15.712" classname="com.testscripts.gurukulApp.AccountTest"/>
  <testcase name="verifyBranchEntityType" time="8.176" classname="com.testscripts.gurukulApp.DashboardTest"/>
  <testcase name="verifyStaffEntityType" time="15.685" classname="com.testscripts.gurukulApp.DashboardTest"/>
  <testcase name="verifyOperationsOfBranchEntityType" time="1.108" classname="com.testscripts.gurukulApp.DashboardTest">
    <skipped/>
  </testcase> <!-- verifyOperationsOfBranchEntityType -->
  <testcase name="verifyOperationsOfBranchEntityType" time="1.603" classname="com.testscripts.gurukulApp.DashboardTest">
    <skipped/>
  </testcase> <!-- verifyOperationsOfBranchEntityType -->
  <testcase name="verifyOperationsOfBranchEntityType" time="30.111" classname="com.testscripts.gurukulApp.DashboardTest"/>
  <testcase name="verifyOperationsOfStaffEntityType" time="53.253" classname="com.testscripts.gurukulApp.DashboardTest"/>
  <testcase name="@BeforeSuite beforeSuite" time="0.0" classname="com.basetest.environments.SetTestEnvironments">
    <ignored/>
  </testcase> <!-- @BeforeSuite beforeSuite -->
  <testcase name="@BeforeSuite beforeSuite" time="0.0" classname="com.basetest.environments.SetTestEnvironments">
    <ignored/>
  </testcase> <!-- @BeforeSuite beforeSuite -->
  <testcase name="@BeforeSuite beforeSuite" time="0.0" classname="com.basetest.environments.SetTestEnvironments">
    <ignored/>
  </testcase> <!-- @BeforeSuite beforeSuite -->
  <testcase name="@BeforeSuite beforeSuite" time="0.0" classname="com.basetest.environments.SetTestEnvironments">
    <ignored/>
  </testcase> <!-- @BeforeSuite beforeSuite -->
  <testcase name="@AfterSuite afterSuite" time="0.0" classname="com.basetest.environments.SetTestEnvironments">
    <ignored/>
  </testcase> <!-- @AfterSuite afterSuite -->
  <testcase name="@AfterSuite afterSuite" time="0.0" classname="com.basetest.environments.SetTestEnvironments">
    <ignored/>
  </testcase> <!-- @AfterSuite afterSuite -->
  <testcase name="@AfterSuite afterSuite" time="0.0" classname="com.basetest.environments.SetTestEnvironments">
    <ignored/>
  </testcase> <!-- @AfterSuite afterSuite -->
  <testcase name="@AfterSuite afterSuite" time="0.0" classname="com.basetest.environments.SetTestEnvironments">
    <ignored/>
  </testcase> <!-- @AfterSuite afterSuite -->
</testsuite> <!-- Gurukula application test cases -->
